\\banner.main.ad.rit.edu\students\sxl9302\igmprofile\documents\_second year_\second semester\dsa\opengl\windowsdemo\windowsdemo\debug\vc140.pdb
\\banner.main.ad.rit.edu\students\sxl9302\igmprofile\documents\_second year_\second semester\dsa\opengl\windowsdemo\windowsdemo\debug\vc140.idb
\\banner.main.ad.rit.edu\students\sxl9302\igmprofile\documents\_second year_\second semester\dsa\opengl\windowsdemo\windowsdemo\debug\main.obj
\\banner.main.ad.rit.edu\students\sxl9302\igmprofile\documents\_second year_\second semester\dsa\homework\shaders\windowsdemo\debug\vc140.pdb
\\banner.main.ad.rit.edu\students\sxl9302\igmprofile\documents\_second year_\second semester\dsa\homework\shaders\windowsdemo\debug\vc140.idb
\\banner.main.ad.rit.edu\students\sxl9302\igmprofile\documents\_second year_\second semester\dsa\homework\shaders\windowsdemo\debug\main.obj
\\banner.main.ad.rit.edu\students\sxl9302\igmprofile\documents\_second year_\second semester\dsa\homework\shaders\windowsdemo\debug\engine.obj
\\banner.main.ad.rit.edu\students\sxl9302\igmprofile\documents\_second year_\second semester\dsa\homework\shaders\windowsdemo\debug\shadermanager.obj
\\banner.main.ad.rit.edu\students\sxl9302\igmprofile\documents\_second year_\second semester\dsa\homework\texturing\windowsdemo\debug\vc140.pdb
\\banner.main.ad.rit.edu\students\sxl9302\igmprofile\documents\_second year_\second semester\dsa\homework\texturing\windowsdemo\debug\vc140.idb
\\banner.main.ad.rit.edu\students\sxl9302\igmprofile\documents\_second year_\second semester\dsa\homework\texturing\windowsdemo\debug\main.obj
\\banner.main.ad.rit.edu\students\sxl9302\igmprofile\documents\_second year_\second semester\dsa\homework\texturing\windowsdemo\debug\shadermanager.obj
\\banner.main.ad.rit.edu\students\sxl9302\igmprofile\documents\_second year_\second semester\dsa\homework\texturing\windowsdemo\debug\engine.obj
\\banner.main.ad.rit.edu\students\sxl9302\igmprofile\documents\_second year_\second semester\dsa\homework\texturing\windowsdemo\debug\inputmanager.obj
\\banner.main.ad.rit.edu\students\sxl9302\igmprofile\documents\_second year_\second semester\dsa\homework\positioning multiple objects\windowsdemo\debug\vc140.pdb
\\banner.main.ad.rit.edu\students\sxl9302\igmprofile\documents\_second year_\second semester\dsa\homework\positioning multiple objects\windowsdemo\debug\vc140.idb
\\banner.main.ad.rit.edu\students\sxl9302\igmprofile\documents\_second year_\second semester\dsa\homework\positioning multiple objects\windowsdemo\debug\inputmanager.obj
\\banner.main.ad.rit.edu\students\sxl9302\igmprofile\documents\_second year_\second semester\dsa\homework\positioning multiple objects\windowsdemo\debug\shadermanager.obj
\\banner.main.ad.rit.edu\students\sxl9302\igmprofile\documents\_second year_\second semester\dsa\homework\positioning multiple objects\windowsdemo\debug\engine.obj
\\banner.main.ad.rit.edu\students\sxl9302\igmprofile\documents\_second year_\second semester\dsa\homework\positioning multiple objects\windowsdemo\debug\main.obj
\\banner.main.ad.rit.edu\students\sxl9302\igmprofile\documents\_second year_\second semester\dsa\homework\moving objects\windowsdemo\debug\vc140.pdb
\\banner.main.ad.rit.edu\students\sxl9302\igmprofile\documents\_second year_\second semester\dsa\homework\moving objects\windowsdemo\debug\vc140.idb
\\banner.main.ad.rit.edu\students\sxl9302\igmprofile\documents\_second year_\second semester\dsa\homework\moving objects\windowsdemo\debug\engine.obj
\\banner.main.ad.rit.edu\students\sxl9302\igmprofile\documents\_second year_\second semester\dsa\homework\moving objects\windowsdemo\debug\inputmanager.obj
\\banner.main.ad.rit.edu\students\sxl9302\igmprofile\documents\_second year_\second semester\dsa\homework\moving objects\windowsdemo\debug\main.obj
\\banner.main.ad.rit.edu\students\sxl9302\igmprofile\documents\_second year_\second semester\dsa\homework\moving objects\windowsdemo\debug\shadermanager.obj
\\banner.main.ad.rit.edu\students\sxl9302\igmprofile\documents\_second year_\second semester\dsa\homework\collisions\windowsdemo\debug\vc140.pdb
\\banner.main.ad.rit.edu\students\sxl9302\igmprofile\documents\_second year_\second semester\dsa\homework\collisions\windowsdemo\debug\vc140.idb
\\banner.main.ad.rit.edu\students\sxl9302\igmprofile\documents\_second year_\second semester\dsa\homework\collisions\windowsdemo\debug\inputmanager.obj
\\banner.main.ad.rit.edu\students\sxl9302\igmprofile\documents\_second year_\second semester\dsa\homework\collisions\windowsdemo\debug\shadermanager.obj
\\banner.main.ad.rit.edu\students\sxl9302\igmprofile\documents\_second year_\second semester\dsa\homework\collisions\windowsdemo\debug\engine.obj
\\banner.main.ad.rit.edu\students\sxl9302\igmprofile\documents\_second year_\second semester\dsa\homework\collisions\windowsdemo\debug\main.obj
\\banner.main.ad.rit.edu\students\sxl9302\igmprofile\documents\_second year_\second semester\dsa\homework\camera\windowsdemo\debug\vc140.pdb
\\banner.main.ad.rit.edu\students\sxl9302\igmprofile\documents\_second year_\second semester\dsa\homework\camera\windowsdemo\debug\vc140.idb
\\banner.main.ad.rit.edu\students\sxl9302\igmprofile\documents\_second year_\second semester\dsa\homework\camera\windowsdemo\debug\engine.obj
\\banner.main.ad.rit.edu\students\sxl9302\igmprofile\documents\_second year_\second semester\dsa\homework\camera\windowsdemo\debug\inputmanager.obj
\\banner.main.ad.rit.edu\students\sxl9302\igmprofile\documents\_second year_\second semester\dsa\homework\camera\windowsdemo\debug\main.obj
\\banner.main.ad.rit.edu\students\sxl9302\igmprofile\documents\_second year_\second semester\dsa\homework\camera\windowsdemo\debug\shadermanager.obj
z:\igmprofile\documents\_second year_\second semester\dsa\homework\camera\windowsdemo\debug\vc140.pdb
z:\igmprofile\documents\_second year_\second semester\dsa\homework\camera\windowsdemo\debug\vc140.idb
z:\igmprofile\documents\_second year_\second semester\dsa\homework\camera\windowsdemo\debug\inputmanager.obj
z:\igmprofile\documents\_second year_\second semester\dsa\homework\camera\windowsdemo\debug\main.obj
z:\igmprofile\documents\_second year_\second semester\dsa\homework\camera\windowsdemo\debug\shadermanager.obj
z:\igmprofile\documents\_second year_\second semester\dsa\homework\camera\windowsdemo\debug\engine.obj
\\banner.main.ad.rit.edu\students\sxl9302\igmprofile\documents\_second year_\second semester\dsa\homework\model loading_re\windowsdemo\debug\vc140.pdb
\\banner.main.ad.rit.edu\students\sxl9302\igmprofile\documents\_second year_\second semester\dsa\homework\model loading_re\windowsdemo\debug\vc140.idb
\\banner.main.ad.rit.edu\students\sxl9302\igmprofile\documents\_second year_\second semester\dsa\homework\model loading_re\windowsdemo\debug\engine.obj
\\banner.main.ad.rit.edu\students\sxl9302\igmprofile\documents\_second year_\second semester\dsa\homework\model loading_re\windowsdemo\debug\inputmanager.obj
\\banner.main.ad.rit.edu\students\sxl9302\igmprofile\documents\_second year_\second semester\dsa\homework\model loading_re\windowsdemo\debug\main.obj
\\banner.main.ad.rit.edu\students\sxl9302\igmprofile\documents\_second year_\second semester\dsa\homework\model loading_re\windowsdemo\debug\model.obj
\\banner.main.ad.rit.edu\students\sxl9302\igmprofile\documents\_second year_\second semester\dsa\homework\model loading_re\windowsdemo\debug\shadermanager.obj
z:\igmprofile\documents\_second year_\second semester\dsa\homework\model loading_re\windowsdemo\debug\vc140.pdb
z:\igmprofile\documents\_second year_\second semester\dsa\homework\model loading_re\windowsdemo\debug\vc140.idb
z:\igmprofile\documents\_second year_\second semester\dsa\homework\model loading_re\windowsdemo\debug\engine.obj
z:\igmprofile\documents\_second year_\second semester\dsa\homework\model loading_re\windowsdemo\debug\inputmanager.obj
z:\igmprofile\documents\_second year_\second semester\dsa\homework\model loading_re\windowsdemo\debug\main.obj
z:\igmprofile\documents\_second year_\second semester\dsa\homework\model loading_re\windowsdemo\debug\model.obj
z:\igmprofile\documents\_second year_\second semester\dsa\homework\model loading_re\windowsdemo\debug\shadermanager.obj
\\banner.main.ad.rit.edu\students\sxl9302\igmprofile\documents\_second year_\second semester\dsa\opengl\windowsdemo\debug\windowsdemo.ilk
\\banner.main.ad.rit.edu\students\sxl9302\igmprofile\documents\_second year_\second semester\dsa\opengl\windowsdemo\debug\windowsdemo.exe
\\banner.main.ad.rit.edu\students\sxl9302\igmprofile\documents\_second year_\second semester\dsa\opengl\windowsdemo\debug\windowsdemo.pdb
\\banner.main.ad.rit.edu\students\sxl9302\igmprofile\documents\_second year_\second semester\dsa\homework\shaders\debug\windowsdemo.ilk
\\banner.main.ad.rit.edu\students\sxl9302\igmprofile\documents\_second year_\second semester\dsa\homework\shaders\debug\windowsdemo.exe
\\banner.main.ad.rit.edu\students\sxl9302\igmprofile\documents\_second year_\second semester\dsa\homework\shaders\debug\windowsdemo.pdb
\\banner.main.ad.rit.edu\students\sxl9302\igmprofile\documents\_second year_\second semester\dsa\homework\texturing\debug\windowsdemo.ilk
\\banner.main.ad.rit.edu\students\sxl9302\igmprofile\documents\_second year_\second semester\dsa\homework\texturing\debug\windowsdemo.exe
\\banner.main.ad.rit.edu\students\sxl9302\igmprofile\documents\_second year_\second semester\dsa\homework\texturing\debug\windowsdemo.pdb
\\banner.main.ad.rit.edu\students\sxl9302\igmprofile\documents\_second year_\second semester\dsa\homework\positioning multiple objects\debug\windowsdemo.ilk
\\banner.main.ad.rit.edu\students\sxl9302\igmprofile\documents\_second year_\second semester\dsa\homework\positioning multiple objects\debug\windowsdemo.exe
\\banner.main.ad.rit.edu\students\sxl9302\igmprofile\documents\_second year_\second semester\dsa\homework\positioning multiple objects\debug\windowsdemo.pdb
\\banner.main.ad.rit.edu\students\sxl9302\igmprofile\documents\_second year_\second semester\dsa\homework\moving objects\debug\windowsdemo.ilk
\\banner.main.ad.rit.edu\students\sxl9302\igmprofile\documents\_second year_\second semester\dsa\homework\moving objects\debug\windowsdemo.exe
\\banner.main.ad.rit.edu\students\sxl9302\igmprofile\documents\_second year_\second semester\dsa\homework\moving objects\debug\windowsdemo.pdb
\\banner.main.ad.rit.edu\students\sxl9302\igmprofile\documents\_second year_\second semester\dsa\homework\collisions\debug\windowsdemo.ilk
\\banner.main.ad.rit.edu\students\sxl9302\igmprofile\documents\_second year_\second semester\dsa\homework\collisions\debug\windowsdemo.exe
\\banner.main.ad.rit.edu\students\sxl9302\igmprofile\documents\_second year_\second semester\dsa\homework\collisions\debug\windowsdemo.pdb
\\banner.main.ad.rit.edu\students\sxl9302\igmprofile\documents\_second year_\second semester\dsa\homework\camera\debug\windowsdemo.ilk
\\banner.main.ad.rit.edu\students\sxl9302\igmprofile\documents\_second year_\second semester\dsa\homework\camera\debug\windowsdemo.exe
\\banner.main.ad.rit.edu\students\sxl9302\igmprofile\documents\_second year_\second semester\dsa\homework\camera\debug\windowsdemo.pdb
z:\igmprofile\documents\_second year_\second semester\dsa\homework\camera\debug\windowsdemo.ilk
z:\igmprofile\documents\_second year_\second semester\dsa\homework\camera\debug\windowsdemo.exe
z:\igmprofile\documents\_second year_\second semester\dsa\homework\camera\debug\windowsdemo.pdb
z:\igmprofile\documents\_second year_\second semester\dsa\homework\model loading_re\debug\windowsdemo.ilk
z:\igmprofile\documents\_second year_\second semester\dsa\homework\model loading_re\debug\windowsdemo.exe
z:\igmprofile\documents\_second year_\second semester\dsa\homework\model loading_re\debug\windowsdemo.pdb
\\banner.main.ad.rit.edu\students\sxl9302\igmprofile\documents\_second year_\second semester\dsa\homework\model loading_re\debug\windowsdemo.ilk
\\banner.main.ad.rit.edu\students\sxl9302\igmprofile\documents\_second year_\second semester\dsa\homework\model loading_re\debug\windowsdemo.exe
\\banner.main.ad.rit.edu\students\sxl9302\igmprofile\documents\_second year_\second semester\dsa\homework\model loading_re\debug\windowsdemo.pdb
\\banner.main.ad.rit.edu\students\sxl9302\igmprofile\documents\_second year_\second semester\dsa\homework\model loading_re\windowsdemo\debug\windowsdemo.tlog\cl.read.1.tlog
\\banner.main.ad.rit.edu\students\sxl9302\igmprofile\documents\_second year_\second semester\dsa\homework\model loading_re\windowsdemo\debug\windowsdemo.tlog\cl.write.1.tlog
\\banner.main.ad.rit.edu\students\sxl9302\igmprofile\documents\_second year_\second semester\dsa\homework\model loading_re\windowsdemo\debug\windowsdemo.tlog\cl.command.1.tlog
\\banner.main.ad.rit.edu\students\sxl9302\igmprofile\documents\_second year_\second semester\dsa\homework\model loading_re\windowsdemo\debug\windowsdemo.tlog\link.read.1.tlog
\\banner.main.ad.rit.edu\students\sxl9302\igmprofile\documents\_second year_\second semester\dsa\homework\model loading_re\windowsdemo\debug\windowsdemo.tlog\link.write.1.tlog
\\banner.main.ad.rit.edu\students\sxl9302\igmprofile\documents\_second year_\second semester\dsa\homework\model loading_re\windowsdemo\debug\windowsdemo.tlog\link.command.1.tlog
